[2017-02-19 21:28:42][com.car.view.CarInfoOverVierController-handleDeleteCar]del fail
[2017-02-19 21:30:56][com.car.view.CarInfoOverVierController-handleDeleteCar]del fail
[2017-02-19 21:48:57][com.car.view.CarInfoOverVierController-handleDeleteCar]del fail
[2017-02-19 21:49:15][com.car.view.CarInfoOverVierController-handleDeleteCar]del fail
[2017-02-19 21:53:46][com.car.view.CarInfoOverVierController-handleDeleteCar]del fail £¨id£∫c26170d2-381b-4de2-b297-d48fd4d0b4b8
[2017-02-19 22:18:51][com.car.view.CarInfoOverVierController-handleDeleteCar]del is ok,id c26170d2-381b-4de2-b297-d48fd4d0b4b8
[2017-02-19 22:18:53][com.car.view.CarInfoOverVierController-handleDeleteCar]del is ok,id b67c72e1-3dcb-4ea4-b321-6a89285da8fc
[2017-02-19 22:18:55][com.car.view.CarInfoOverVierController-handleDeleteCar]del is ok,id 39a6b508-ce7a-4ef0-ba6f-f16e6bd499ce
[2017-02-19 22:18:56][com.car.view.CarInfoOverVierController-handleDeleteCar]del is ok,id 969e7b75-09cd-4be2-b200-16d7ce22bc1c
[2017-02-19 22:18:57][com.car.view.CarInfoOverVierController-handleDeleteCar]del is ok,id 969e7b75-09cd-4be2-b200-16d7ce22bc11
[2017-02-19 22:19:20][com.car.view.CarInfoOverVierController-handleDeleteCar]del is ok,id 969e7b75-09cd-4be2-b200-16d7ce22bc13
[2017-02-19 22:19:21][com.car.view.CarInfoOverVierController-handleDeleteCar]del is ok,id 969e7b75-09cd-4be2-b200-16d7ce22bc12
[2017-02-23 21:38:22][com.car.dao.DBHelper-updateCarInfo]update user error. The sql :UPDATE t_info  SET c_identification_card = '432', c_Inspection_expirationTime = '', c_Insurance_expirationTime='', c_name = '3', c_phone='535', c_car_id='325', c_address='235' WHERE c_id = 'null'
[2017-02-23 21:39:05][com.car.dao.DBHelper-updateCarInfo]update user error. The sql :UPDATE t_info  SET c_identification_card = '4324', c_Inspection_expirationTime = '', c_Insurance_expirationTime='', c_name = '3', c_phone='5354', c_car_id='3254', c_address='2354' WHERE c_id = 'null'
[2017-02-23 21:42:26][com.car.dao.DBHelper-updateCarInfo]update user error. The sql :UPDATE t_info  SET c_identification_card = '14', c_Inspection_expirationTime = '', c_Insurance_expirationTime='', c_name = '21', c_phone='5', c_car_id='32523', c_address='5235' WHERE c_id = 'null'
[2017-02-23 21:48:02][com.car.view.CarInfoOverVierController-handleDeleteCar]del is ok,id 61f2ac43-c255-412a-bcbd-c873b014c6f1
[2017-02-23 21:53:51][com.car.view.CarInfoOverVierController-handleDeleteCar]del is ok,id bf7d8aab-94a1-414a-b898-4da895d69706
[2017-02-23 21:53:53][com.car.view.CarInfoOverVierController-handleDeleteCar]del is ok,id 38101d9d-dd66-4c27-a67c-188e378e7b0a
[2017-02-23 21:53:55][com.car.view.CarInfoOverVierController-handleDeleteCar]del is ok,id 777f729f-f3d1-4d79-8bee-1b3ae03d85cc
[2017-02-23 21:53:56][com.car.view.CarInfoOverVierController-handleDeleteCar]del is ok,id 255dc32c-f733-448b-87b4-f72f14edda27
[2017-02-23 22:21:44][com.car.view.CarInfoOverVierController-handleDeleteCar]del is ok,id 8f1a47ed-a66d-49be-8125-0b94f8c611fd
[2017-02-23 22:34:00][com.car.view.CarInfoOverVierController-handleDeleteCar]del is ok,id de843e68-af81-491d-a117-bcaf51c85e4d
[2017-02-23 22:34:03][com.car.view.CarInfoOverVierController-handleDeleteCar]del is ok,id 198e3e1a-cd49-4dd6-94c8-7f711dc08436
[2017-02-23 22:34:04][com.car.view.CarInfoOverVierController-handleDeleteCar]del is ok,id 67f813d9-b5a4-4e01-9829-cf319a056587
[2017-02-23 22:35:56][com.car.view.CarInfoOverVierController-handleDeleteCar]del is ok,id 612b95d3-6cb5-4174-811d-605c0bd4007f
[2017-02-23 22:35:58][com.car.view.CarInfoOverVierController-handleDeleteCar]del is ok,id 17a56bac-54f8-453f-a710-9ee0c47e9e49
[2017-02-23 22:35:59][com.car.view.CarInfoOverVierController-handleDeleteCar]del is ok,id 5d87a239-0634-4ae5-b2df-b0e5259e27cc
[2017-02-23 22:36:00][com.car.view.CarInfoOverVierController-handleDeleteCar]del is ok,id b4c5cbc6-d08e-4f92-921d-7a83e9bccfcf
[2017-02-23 22:36:01][com.car.view.CarInfoOverVierController-handleDeleteCar]del is ok,id 3628b27f-db4d-441f-a57a-d89c0c290602
[2017-02-23 22:36:02][com.car.view.CarInfoOverVierController-handleDeleteCar]del is ok,id 0784dbb9-3bb6-445c-a82e-6fc8bade4b75
[2017-02-23 22:38:52][com.car.view.CarInfoOverVierController-handleDeleteCar]del is ok,id 865e24f3-250d-4aea-a785-f09f3e2b0a38
[2017-02-23 22:38:54][com.car.view.CarInfoOverVierController-handleDeleteCar]del is ok,id c2976a72-0c62-49ec-a21a-f3d6a65ba9e2
[2017-02-23 22:44:54][com.car.view.CarInfoOverVierController-handleDeleteCar]del is ok,id 8a251ce8-759b-458b-af4d-ba0b52e8f456
[2017-02-26 20:51:15][com.car.view.CarInfoOverVierController-handleDeleteCar]del is ok,id 4f460c60-4216-4b97-a4ea-907a38beb1f4
[2017-02-26 20:51:17][com.car.view.CarInfoOverVierController-handleDeleteCar]del is ok,id 36054241-5191-449f-aa69-93c68c826a53
[2017-02-26 20:51:18][com.car.view.CarInfoOverVierController-handleDeleteCar]del is ok,id e42808b2-c1f3-47dc-ac5b-0008d9a0f6d4
[2017-02-27 21:16:45][com.car.view.CarInfoOverVierController-saveCountDown]input: 
[2017-02-27 21:16:47][com.car.view.CarInfoOverVierController-saveCountDown]input: 
[2017-02-27 21:16:47][com.car.view.CarInfoOverVierController-saveCountDown]input: 
[2017-02-27 21:16:47][com.car.view.CarInfoOverVierController-saveCountDown]input: 
[2017-02-27 21:16:48][com.car.view.CarInfoOverVierController-saveCountDown]input: 
[2017-02-27 21:16:50][com.car.view.CarInfoOverVierController-saveCountDown]input: 
[2017-02-27 21:16:50][com.car.view.CarInfoOverVierController-saveCountDown]input: 
[2017-02-27 21:16:51][com.car.view.CarInfoOverVierController-saveCountDown]input: 
[2017-02-27 21:16:51][com.car.view.CarInfoOverVierController-saveCountDown]input: 
[2017-02-27 21:16:51][com.car.view.CarInfoOverVierController-saveCountDown]input: 
[2017-02-27 21:16:52][com.car.view.CarInfoOverVierController-saveCountDown]input: 
[2017-02-27 21:16:52][com.car.view.CarInfoOverVierController-saveCountDown]input: 
[2017-02-27 21:16:52][com.car.view.CarInfoOverVierController-saveCountDown]input: 
[2017-02-27 21:16:52][com.car.view.CarInfoOverVierController-saveCountDown]input: 
[2017-02-27 21:16:52][com.car.view.CarInfoOverVierController-saveCountDown]input: 
[2017-02-27 21:16:53][com.car.view.CarInfoOverVierController-saveCountDown]input: 
[2017-02-27 21:16:53][com.car.view.CarInfoOverVierController-saveCountDown]input: 
[2017-02-27 21:16:53][com.car.view.CarInfoOverVierController-saveCountDown]input: 
[2017-02-27 21:16:56][com.car.view.CarInfoOverVierController-saveCountDown]input: 
[2017-02-27 21:16:57][com.car.view.CarInfoOverVierController-saveCountDown]input: 
[2017-02-27 21:16:58][com.car.view.CarInfoOverVierController-saveCountDown]input: 
[2017-02-27 21:16:59][com.car.view.CarInfoOverVierController-saveCountDown]input: 
[2017-04-01 15:48:56][com.car.service.SmsThread-run]Q.take sendRecordId = 6ab12a15-472e-4a82-ac80-a6b73b7c4f0f messageBody=null
[2017-04-01 15:48:56][cn.sendsms.Service-listSystemInformation]SendSMS: A Java API library for sending and receiving SMS via a GSM modem or other supported gateways.
This software is distributed under the terms of the Apache v2.0 License.
Web Site: http://sendsms.cn
[2017-04-01 15:48:56][cn.sendsms.Service-listSystemInformation]Version: 3.4.8
[2017-04-01 15:48:56][cn.sendsms.Service-listSystemInformation]JRE Version: 1.8.0_121
[2017-04-01 15:48:56][cn.sendsms.Service-listSystemInformation]JRE Impl Version: 25.121-b13
[2017-04-01 15:48:56][cn.sendsms.Service-listSystemInformation]O/S: Windows 10 / amd64 / 10.0
[2017-04-01 15:48:56][cn.sendsms.modem.ModemGateway-testGateway]GTW: modem.COM1: Starting gateway 
[2017-04-01 15:48:56][cn.sendsms.modem.SerialModemDriver-connectPort]GTW: modem.COM1: Using polled serial port mode.
[2017-04-01 15:48:56][cn.sendsms.modem.SerialModemDriver-connectPort]GTW: modem.COM1: Opening: COM1 @9600
[2017-04-15 15:26:43][com.car.main.Main-start]GUI OK
[2017-04-15 15:26:43][com.car.service.SmsThread-run]Q.take sendRecordId = 6ab12a15-472e-4a82-ac80-a6b73b7c4f0f messageBody=null
[2017-04-15 15:26:43][cn.sendsms.Service-listSystemInformation]SendSMS: A Java API library for sending and receiving SMS via a GSM modem or other supported gateways.
This software is distributed under the terms of the Apache v2.0 License.
Web Site: http://sendsms.cn
[2017-04-15 15:26:43][cn.sendsms.Service-listSystemInformation]Version: 3.4.8
[2017-04-15 15:26:43][cn.sendsms.Service-listSystemInformation]JRE Version: 1.8.0_121
[2017-04-15 15:26:43][cn.sendsms.Service-listSystemInformation]JRE Impl Version: 25.121-b13
[2017-04-15 15:26:43][cn.sendsms.Service-listSystemInformation]O/S: Windows 10 / amd64 / 10.0
[2017-04-15 15:26:43][cn.sendsms.modem.ModemGateway-testGateway]GTW: modem.COM1: Starting gateway 
[2017-04-15 15:26:43][cn.sendsms.modem.SerialModemDriver-connectPort]GTW: modem.COM1: Using polled serial port mode.
[2017-04-15 15:26:43][cn.sendsms.modem.SerialModemDriver-connectPort]GTW: modem.COM1: Opening: COM1 @9600
[2017-04-15 15:29:11][com.car.main.Main-start]GUI OK
[2017-04-15 15:29:11][com.car.service.SmsThread-run]Q.take sendRecordId = 6ab12a15-472e-4a82-ac80-a6b73b7c4f0f messageBody=null
[2017-04-15 15:29:11][cn.sendsms.Service-listSystemInformation]SendSMS: A Java API library for sending and receiving SMS via a GSM modem or other supported gateways.
This software is distributed under the terms of the Apache v2.0 License.
Web Site: http://sendsms.cn
[2017-04-15 15:29:11][cn.sendsms.Service-listSystemInformation]Version: 3.4.8
[2017-04-15 15:29:11][cn.sendsms.Service-listSystemInformation]JRE Version: 1.8.0_121
[2017-04-15 15:29:11][cn.sendsms.Service-listSystemInformation]JRE Impl Version: 25.121-b13
[2017-04-15 15:29:11][cn.sendsms.Service-listSystemInformation]O/S: Windows 10 / amd64 / 10.0
[2017-04-15 15:29:11][cn.sendsms.modem.ModemGateway-testGateway]GTW: modem.COM1: Starting gateway 
[2017-04-15 15:29:11][cn.sendsms.modem.SerialModemDriver-connectPort]GTW: modem.COM1: Using polled serial port mode.
[2017-04-15 15:29:11][cn.sendsms.modem.SerialModemDriver-connectPort]GTW: modem.COM1: Opening: COM1 @9600
[2017-04-15 15:31:07][com.car.main.Main-start]GUI OK
[2017-04-15 15:31:07][com.car.service.SmsThread-run]Q.take sendRecordId = 6ab12a15-472e-4a82-ac80-a6b73b7c4f0f messageBody=null
[2017-04-15 15:31:07][cn.sendsms.Service-listSystemInformation]SendSMS: A Java API library for sending and receiving SMS via a GSM modem or other supported gateways.
This software is distributed under the terms of the Apache v2.0 License.
Web Site: http://sendsms.cn
[2017-04-15 15:31:07][cn.sendsms.Service-listSystemInformation]Version: 3.4.8
[2017-04-15 15:31:07][cn.sendsms.Service-listSystemInformation]JRE Version: 1.8.0_121
[2017-04-15 15:31:07][cn.sendsms.Service-listSystemInformation]JRE Impl Version: 25.121-b13
[2017-04-15 15:31:07][cn.sendsms.Service-listSystemInformation]O/S: Windows 10 / amd64 / 10.0
[2017-04-15 15:31:07][cn.sendsms.modem.ModemGateway-testGateway]GTW: modem.COM1: Starting gateway 
[2017-04-15 15:31:07][cn.sendsms.modem.SerialModemDriver-connectPort]GTW: modem.COM1: Using polled serial port mode.
[2017-04-15 15:31:07][cn.sendsms.modem.SerialModemDriver-connectPort]GTW: modem.COM1: Opening: COM1 @9600
[2017-04-15 15:31:38][com.car.view.CarInfoEditDialogController-handleOk]ËΩ¶Ê£ÄÂë®Êúü‰∏çÊ≠£Á°Æ
[2017-04-15 15:33:17][com.car.main.Main-start]GUI OK
[2017-04-15 15:33:17][com.car.service.SmsThread-run]Q.take sendRecordId = 6ab12a15-472e-4a82-ac80-a6b73b7c4f0f messageBody=null
[2017-04-15 15:33:18][cn.sendsms.Service-listSystemInformation]SendSMS: A Java API library for sending and receiving SMS via a GSM modem or other supported gateways.
This software is distributed under the terms of the Apache v2.0 License.
Web Site: http://sendsms.cn
[2017-04-15 15:33:18][cn.sendsms.Service-listSystemInformation]Version: 3.4.8
[2017-04-15 15:33:18][cn.sendsms.Service-listSystemInformation]JRE Version: 1.8.0_121
[2017-04-15 15:33:18][cn.sendsms.Service-listSystemInformation]JRE Impl Version: 25.121-b13
[2017-04-15 15:33:18][cn.sendsms.Service-listSystemInformation]O/S: Windows 10 / amd64 / 10.0
[2017-04-15 15:33:18][cn.sendsms.modem.ModemGateway-testGateway]GTW: modem.COM1: Starting gateway 
[2017-04-15 15:33:18][cn.sendsms.modem.SerialModemDriver-connectPort]GTW: modem.COM1: Using polled serial port mode.
[2017-04-15 15:33:18][cn.sendsms.modem.SerialModemDriver-connectPort]GTW: modem.COM1: Opening: COM1 @9600
[2017-04-15 15:36:27][com.car.main.Main-start]GUI OK
[2017-04-15 15:36:27][com.car.service.SmsThread-run]Q.take sendRecordId = 6ab12a15-472e-4a82-ac80-a6b73b7c4f0f messageBody=null
[2017-04-15 15:36:27][cn.sendsms.Service-listSystemInformation]SendSMS: A Java API library for sending and receiving SMS via a GSM modem or other supported gateways.
This software is distributed under the terms of the Apache v2.0 License.
Web Site: http://sendsms.cn
[2017-04-15 15:36:27][cn.sendsms.Service-listSystemInformation]Version: 3.4.8
[2017-04-15 15:36:27][cn.sendsms.Service-listSystemInformation]JRE Version: 1.8.0_121
[2017-04-15 15:36:27][cn.sendsms.Service-listSystemInformation]JRE Impl Version: 25.121-b13
[2017-04-15 15:36:27][cn.sendsms.Service-listSystemInformation]O/S: Windows 10 / amd64 / 10.0
[2017-04-15 15:36:27][cn.sendsms.modem.ModemGateway-testGateway]GTW: modem.COM1: Starting gateway 
[2017-04-15 15:36:27][cn.sendsms.modem.SerialModemDriver-connectPort]GTW: modem.COM1: Using polled serial port mode.
[2017-04-15 15:36:27][cn.sendsms.modem.SerialModemDriver-connectPort]GTW: modem.COM1: Opening: COM1 @9600
[2017-04-15 15:36:55][com.car.view.CarInfoEditDialogController-handleOk]ËΩ¶Ê£ÄÂë®Êúü‰∏çÊ≠£Á°Æ
[2017-04-15 15:39:14][com.car.main.Main-start]GUI OK
[2017-04-15 15:39:14][com.car.service.SmsThread-run]Q.take sendRecordId = 6ab12a15-472e-4a82-ac80-a6b73b7c4f0f messageBody=null
[2017-04-15 15:39:14][cn.sendsms.Service-listSystemInformation]SendSMS: A Java API library for sending and receiving SMS via a GSM modem or other supported gateways.
This software is distributed under the terms of the Apache v2.0 License.
Web Site: http://sendsms.cn
[2017-04-15 15:39:14][cn.sendsms.Service-listSystemInformation]Version: 3.4.8
[2017-04-15 15:39:14][cn.sendsms.Service-listSystemInformation]JRE Version: 1.8.0_121
[2017-04-15 15:39:14][cn.sendsms.Service-listSystemInformation]JRE Impl Version: 25.121-b13
[2017-04-15 15:39:14][cn.sendsms.Service-listSystemInformation]O/S: Windows 10 / amd64 / 10.0
[2017-04-15 15:39:14][cn.sendsms.modem.ModemGateway-testGateway]GTW: modem.COM1: Starting gateway 
[2017-04-15 15:39:14][cn.sendsms.modem.SerialModemDriver-connectPort]GTW: modem.COM1: Using polled serial port mode.
[2017-04-15 15:39:14][cn.sendsms.modem.SerialModemDriver-connectPort]GTW: modem.COM1: Opening: COM1 @9600
[2017-04-15 15:39:26][com.car.view.CarInfoOverVierController-handleDeleteCar]del is ok,id 81b7dba6-6d27-4530-a298-619756584fb0
[2017-04-15 15:39:30][com.car.view.CarInfoOverVierController-handleDeleteCar]del is ok,id 279c4d04-780b-49e1-94c5-114e607c881a
[2017-04-15 17:08:39][com.car.main.Main-start]GUI OK
[2017-04-15 17:08:39][com.car.service.SmsThread-run]Q.take sendRecordId = 6ab12a15-472e-4a82-ac80-a6b73b7c4f0f messageBody=null
[2017-04-15 17:08:39][cn.sendsms.Service-listSystemInformation]SendSMS: A Java API library for sending and receiving SMS via a GSM modem or other supported gateways.
This software is distributed under the terms of the Apache v2.0 License.
Web Site: http://sendsms.cn
[2017-04-15 17:08:39][cn.sendsms.Service-listSystemInformation]Version: 3.4.8
[2017-04-15 17:08:39][cn.sendsms.Service-listSystemInformation]JRE Version: 1.8.0_121
[2017-04-15 17:08:39][cn.sendsms.Service-listSystemInformation]JRE Impl Version: 25.121-b13
[2017-04-15 17:08:39][cn.sendsms.Service-listSystemInformation]O/S: Windows 10 / amd64 / 10.0
[2017-04-15 17:08:39][cn.sendsms.modem.ModemGateway-testGateway]GTW: modem.COM1: Starting gateway 
[2017-04-15 17:08:39][cn.sendsms.modem.SerialModemDriver-connectPort]GTW: modem.COM1: Using polled serial port mode.
[2017-04-15 17:08:39][cn.sendsms.modem.SerialModemDriver-connectPort]GTW: modem.COM1: Opening: COM1 @9600
[2017-04-15 17:09:07][com.car.main.Main-start]GUI OK
[2017-04-15 17:09:07][com.car.service.SmsThread-run]Q.take sendRecordId = 6ab12a15-472e-4a82-ac80-a6b73b7c4f0f messageBody=null
[2017-04-15 17:09:07][cn.sendsms.Service-listSystemInformation]SendSMS: A Java API library for sending and receiving SMS via a GSM modem or other supported gateways.
This software is distributed under the terms of the Apache v2.0 License.
Web Site: http://sendsms.cn
[2017-04-15 17:09:07][cn.sendsms.Service-listSystemInformation]Version: 3.4.8
[2017-04-15 17:09:07][cn.sendsms.Service-listSystemInformation]JRE Version: 1.8.0_121
[2017-04-15 17:09:07][cn.sendsms.Service-listSystemInformation]JRE Impl Version: 25.121-b13
[2017-04-15 17:09:07][cn.sendsms.Service-listSystemInformation]O/S: Windows 10 / amd64 / 10.0
[2017-04-15 17:09:07][cn.sendsms.modem.ModemGateway-testGateway]GTW: modem.COM1: Starting gateway 
[2017-04-15 17:09:07][cn.sendsms.modem.SerialModemDriver-connectPort]GTW: modem.COM1: Using polled serial port mode.
[2017-04-15 17:09:07][cn.sendsms.modem.SerialModemDriver-connectPort]GTW: modem.COM1: Opening: COM1 @9600
[2017-04-15 17:13:05][com.car.main.Main-start]GUI OK
[2017-04-15 17:13:05][com.car.service.SmsThread-run]Q.take sendRecordId = 6ab12a15-472e-4a82-ac80-a6b73b7c4f0f messageBody=null
[2017-04-15 17:13:06][cn.sendsms.Service-listSystemInformation]SendSMS: A Java API library for sending and receiving SMS via a GSM modem or other supported gateways.
This software is distributed under the terms of the Apache v2.0 License.
Web Site: http://sendsms.cn
[2017-04-15 17:13:06][cn.sendsms.Service-listSystemInformation]Version: 3.4.8
[2017-04-15 17:13:06][cn.sendsms.Service-listSystemInformation]JRE Version: 1.8.0_121
[2017-04-15 17:13:06][cn.sendsms.Service-listSystemInformation]JRE Impl Version: 25.121-b13
[2017-04-15 17:13:06][cn.sendsms.Service-listSystemInformation]O/S: Windows 10 / amd64 / 10.0
[2017-04-15 17:13:06][cn.sendsms.modem.ModemGateway-testGateway]GTW: modem.COM1: Starting gateway 
[2017-04-15 17:13:06][cn.sendsms.modem.SerialModemDriver-connectPort]GTW: modem.COM1: Using polled serial port mode.
[2017-04-15 17:13:06][cn.sendsms.modem.SerialModemDriver-connectPort]GTW: modem.COM1: Opening: COM1 @9600
[2017-04-15 17:14:14][com.car.main.Main-start]GUI OK
[2017-04-15 17:14:14][com.car.service.SmsThread-run]Q.take sendRecordId = 6ab12a15-472e-4a82-ac80-a6b73b7c4f0f messageBody=null
[2017-04-15 17:14:14][cn.sendsms.Service-listSystemInformation]SendSMS: A Java API library for sending and receiving SMS via a GSM modem or other supported gateways.
This software is distributed under the terms of the Apache v2.0 License.
Web Site: http://sendsms.cn
[2017-04-15 17:14:14][cn.sendsms.Service-listSystemInformation]Version: 3.4.8
[2017-04-15 17:14:14][cn.sendsms.Service-listSystemInformation]JRE Version: 1.8.0_121
[2017-04-15 17:14:14][cn.sendsms.Service-listSystemInformation]JRE Impl Version: 25.121-b13
[2017-04-15 17:14:14][cn.sendsms.Service-listSystemInformation]O/S: Windows 10 / amd64 / 10.0
[2017-04-15 17:14:14][cn.sendsms.modem.ModemGateway-testGateway]GTW: modem.COM1: Starting gateway 
[2017-04-15 17:14:14][cn.sendsms.modem.SerialModemDriver-connectPort]GTW: modem.COM1: Using polled serial port mode.
[2017-04-15 17:14:14][cn.sendsms.modem.SerialModemDriver-connectPort]GTW: modem.COM1: Opening: COM1 @9600
[2017-04-15 17:17:44][com.car.main.Main-start]GUI OK
[2017-04-15 17:17:44][com.car.service.SmsThread-run]Q.take sendRecordId = 6ab12a15-472e-4a82-ac80-a6b73b7c4f0f messageBody=null
[2017-04-15 17:17:44][cn.sendsms.Service-listSystemInformation]SendSMS: A Java API library for sending and receiving SMS via a GSM modem or other supported gateways.
This software is distributed under the terms of the Apache v2.0 License.
Web Site: http://sendsms.cn
[2017-04-15 17:17:44][cn.sendsms.Service-listSystemInformation]Version: 3.4.8
[2017-04-15 17:17:44][cn.sendsms.Service-listSystemInformation]JRE Version: 1.8.0_121
[2017-04-15 17:17:44][cn.sendsms.Service-listSystemInformation]JRE Impl Version: 25.121-b13
[2017-04-15 17:17:44][cn.sendsms.Service-listSystemInformation]O/S: Windows 10 / amd64 / 10.0
[2017-04-15 17:17:44][cn.sendsms.modem.ModemGateway-testGateway]GTW: modem.COM1: Starting gateway 
[2017-04-15 17:17:44][cn.sendsms.modem.SerialModemDriver-connectPort]GTW: modem.COM1: Using polled serial port mode.
[2017-04-15 17:17:44][cn.sendsms.modem.SerialModemDriver-connectPort]GTW: modem.COM1: Opening: COM1 @9600
[2017-04-15 17:18:40][com.car.main.Main-start]GUI OK
[2017-04-15 17:18:40][com.car.service.SmsThread-run]Q.take sendRecordId = 6ab12a15-472e-4a82-ac80-a6b73b7c4f0f messageBody=null
[2017-04-15 17:18:40][cn.sendsms.Service-listSystemInformation]SendSMS: A Java API library for sending and receiving SMS via a GSM modem or other supported gateways.
This software is distributed under the terms of the Apache v2.0 License.
Web Site: http://sendsms.cn
[2017-04-15 17:18:40][cn.sendsms.Service-listSystemInformation]Version: 3.4.8
[2017-04-15 17:18:40][cn.sendsms.Service-listSystemInformation]JRE Version: 1.8.0_121
[2017-04-15 17:18:40][cn.sendsms.Service-listSystemInformation]JRE Impl Version: 25.121-b13
[2017-04-15 17:18:40][cn.sendsms.Service-listSystemInformation]O/S: Windows 10 / amd64 / 10.0
[2017-04-15 17:18:40][cn.sendsms.modem.ModemGateway-testGateway]GTW: modem.COM1: Starting gateway 
[2017-04-15 17:18:40][cn.sendsms.modem.SerialModemDriver-connectPort]GTW: modem.COM1: Using polled serial port mode.
[2017-04-15 17:18:40][cn.sendsms.modem.SerialModemDriver-connectPort]GTW: modem.COM1: Opening: COM1 @9600
[2017-04-15 17:32:52][com.car.main.Main-start]GUI OK
[2017-04-15 17:32:52][com.car.service.SmsThread-run]Q.take sendRecordId = 6ab12a15-472e-4a82-ac80-a6b73b7c4f0f messageBody=null
[2017-04-15 17:32:52][cn.sendsms.Service-listSystemInformation]SendSMS: A Java API library for sending and receiving SMS via a GSM modem or other supported gateways.
This software is distributed under the terms of the Apache v2.0 License.
Web Site: http://sendsms.cn
[2017-04-15 17:32:52][cn.sendsms.Service-listSystemInformation]Version: 3.4.8
[2017-04-15 17:32:52][cn.sendsms.Service-listSystemInformation]JRE Version: 1.8.0_121
[2017-04-15 17:32:52][cn.sendsms.Service-listSystemInformation]JRE Impl Version: 25.121-b13
[2017-04-15 17:32:52][cn.sendsms.Service-listSystemInformation]O/S: Windows 10 / amd64 / 10.0
[2017-04-15 17:32:52][cn.sendsms.modem.ModemGateway-testGateway]GTW: modem.COM1: Starting gateway 
[2017-04-15 17:32:52][cn.sendsms.modem.SerialModemDriver-connectPort]GTW: modem.COM1: Using polled serial port mode.
[2017-04-15 17:32:52][cn.sendsms.modem.SerialModemDriver-connectPort]GTW: modem.COM1: Opening: COM1 @9600
[2017-04-15 17:33:46][com.car.main.Main-start]GUI OK
[2017-04-15 17:33:46][com.car.service.SmsThread-run]Q.take sendRecordId = 6ab12a15-472e-4a82-ac80-a6b73b7c4f0f messageBody=null
[2017-04-15 17:33:47][cn.sendsms.Service-listSystemInformation]SendSMS: A Java API library for sending and receiving SMS via a GSM modem or other supported gateways.
This software is distributed under the terms of the Apache v2.0 License.
Web Site: http://sendsms.cn
[2017-04-15 17:33:47][cn.sendsms.Service-listSystemInformation]Version: 3.4.8
[2017-04-15 17:33:47][cn.sendsms.Service-listSystemInformation]JRE Version: 1.8.0_121
[2017-04-15 17:33:47][cn.sendsms.Service-listSystemInformation]JRE Impl Version: 25.121-b13
[2017-04-15 17:33:47][cn.sendsms.Service-listSystemInformation]O/S: Windows 10 / amd64 / 10.0
[2017-04-15 17:33:47][cn.sendsms.modem.ModemGateway-testGateway]GTW: modem.COM1: Starting gateway 
[2017-04-15 17:33:47][cn.sendsms.modem.SerialModemDriver-connectPort]GTW: modem.COM1: Using polled serial port mode.
[2017-04-15 17:33:47][cn.sendsms.modem.SerialModemDriver-connectPort]GTW: modem.COM1: Opening: COM1 @9600
[2017-04-15 17:35:07][com.car.main.Main-start]GUI OK
[2017-04-15 17:35:07][com.car.service.SmsThread-run]Q.take sendRecordId = 6ab12a15-472e-4a82-ac80-a6b73b7c4f0f messageBody=null
[2017-04-15 17:35:07][cn.sendsms.Service-listSystemInformation]SendSMS: A Java API library for sending and receiving SMS via a GSM modem or other supported gateways.
This software is distributed under the terms of the Apache v2.0 License.
Web Site: http://sendsms.cn
[2017-04-15 17:35:07][cn.sendsms.Service-listSystemInformation]Version: 3.4.8
[2017-04-15 17:35:07][cn.sendsms.Service-listSystemInformation]JRE Version: 1.8.0_121
[2017-04-15 17:35:07][cn.sendsms.Service-listSystemInformation]JRE Impl Version: 25.121-b13
[2017-04-15 17:35:07][cn.sendsms.Service-listSystemInformation]O/S: Windows 10 / amd64 / 10.0
[2017-04-15 17:35:07][cn.sendsms.modem.ModemGateway-testGateway]GTW: modem.COM1: Starting gateway 
[2017-04-15 17:35:07][cn.sendsms.modem.SerialModemDriver-connectPort]GTW: modem.COM1: Using polled serial port mode.
[2017-04-15 17:35:07][cn.sendsms.modem.SerialModemDriver-connectPort]GTW: modem.COM1: Opening: COM1 @9600
[2017-04-15 17:37:47][com.car.main.Main-start]GUI OK
[2017-04-15 17:37:47][com.car.service.SmsThread-run]Q.take sendRecordId = 6ab12a15-472e-4a82-ac80-a6b73b7c4f0f messageBody=null
[2017-04-15 17:37:48][cn.sendsms.Service-listSystemInformation]SendSMS: A Java API library for sending and receiving SMS via a GSM modem or other supported gateways.
This software is distributed under the terms of the Apache v2.0 License.
Web Site: http://sendsms.cn
[2017-04-15 17:37:48][cn.sendsms.Service-listSystemInformation]Version: 3.4.8
[2017-04-15 17:37:48][cn.sendsms.Service-listSystemInformation]JRE Version: 1.8.0_121
[2017-04-15 17:37:48][cn.sendsms.Service-listSystemInformation]JRE Impl Version: 25.121-b13
[2017-04-15 17:37:48][cn.sendsms.Service-listSystemInformation]O/S: Windows 10 / amd64 / 10.0
[2017-04-15 17:37:48][cn.sendsms.modem.ModemGateway-testGateway]GTW: modem.COM1: Starting gateway 
[2017-04-15 17:37:48][cn.sendsms.modem.SerialModemDriver-connectPort]GTW: modem.COM1: Using polled serial port mode.
[2017-04-15 17:37:48][cn.sendsms.modem.SerialModemDriver-connectPort]GTW: modem.COM1: Opening: COM1 @9600
[2017-04-15 17:38:17][com.car.main.Main-start]GUI OK
[2017-04-15 17:38:17][com.car.service.SmsThread-run]Q.take sendRecordId = 6ab12a15-472e-4a82-ac80-a6b73b7c4f0f messageBody=null
[2017-04-15 17:38:18][cn.sendsms.Service-listSystemInformation]SendSMS: A Java API library for sending and receiving SMS via a GSM modem or other supported gateways.
This software is distributed under the terms of the Apache v2.0 License.
Web Site: http://sendsms.cn
[2017-04-15 17:38:18][cn.sendsms.Service-listSystemInformation]Version: 3.4.8
[2017-04-15 17:38:18][cn.sendsms.Service-listSystemInformation]JRE Version: 1.8.0_121
[2017-04-15 17:38:18][cn.sendsms.Service-listSystemInformation]JRE Impl Version: 25.121-b13
[2017-04-15 17:38:18][cn.sendsms.Service-listSystemInformation]O/S: Windows 10 / amd64 / 10.0
[2017-04-15 17:38:18][cn.sendsms.modem.ModemGateway-testGateway]GTW: modem.COM1: Starting gateway 
[2017-04-15 17:38:18][cn.sendsms.modem.SerialModemDriver-connectPort]GTW: modem.COM1: Using polled serial port mode.
[2017-04-15 17:38:18][cn.sendsms.modem.SerialModemDriver-connectPort]GTW: modem.COM1: Opening: COM1 @9600
[2017-04-15 17:51:32][com.car.main.Main-start]GUI OK
[2017-04-15 17:51:32][com.car.service.SmsThread-run]Q.take sendRecordId = 6ab12a15-472e-4a82-ac80-a6b73b7c4f0f messageBody=null
[2017-04-15 17:51:32][cn.sendsms.Service-listSystemInformation]SendSMS: A Java API library for sending and receiving SMS via a GSM modem or other supported gateways.
This software is distributed under the terms of the Apache v2.0 License.
Web Site: http://sendsms.cn
[2017-04-15 17:51:32][cn.sendsms.Service-listSystemInformation]Version: 3.4.8
[2017-04-15 17:51:32][cn.sendsms.Service-listSystemInformation]JRE Version: 1.8.0_121
[2017-04-15 17:51:32][cn.sendsms.Service-listSystemInformation]JRE Impl Version: 25.121-b13
[2017-04-15 17:51:32][cn.sendsms.Service-listSystemInformation]O/S: Windows 10 / amd64 / 10.0
[2017-04-15 17:51:32][cn.sendsms.modem.ModemGateway-testGateway]GTW: modem.COM1: Starting gateway 
[2017-04-15 17:51:32][cn.sendsms.modem.SerialModemDriver-connectPort]GTW: modem.COM1: Using polled serial port mode.
[2017-04-15 17:51:32][cn.sendsms.modem.SerialModemDriver-connectPort]GTW: modem.COM1: Opening: COM1 @9600
[2017-04-15 17:56:20][com.car.main.Main-start]GUI OK
[2017-04-15 17:56:20][com.car.service.SmsThread-run]Q.take sendRecordId = 6ab12a15-472e-4a82-ac80-a6b73b7c4f0f messageBody=null
[2017-04-15 17:56:20][cn.sendsms.Service-listSystemInformation]SendSMS: A Java API library for sending and receiving SMS via a GSM modem or other supported gateways.
This software is distributed under the terms of the Apache v2.0 License.
Web Site: http://sendsms.cn
[2017-04-15 17:56:20][cn.sendsms.Service-listSystemInformation]Version: 3.4.8
[2017-04-15 17:56:20][cn.sendsms.Service-listSystemInformation]JRE Version: 1.8.0_121
[2017-04-15 17:56:20][cn.sendsms.Service-listSystemInformation]JRE Impl Version: 25.121-b13
[2017-04-15 17:56:20][cn.sendsms.Service-listSystemInformation]O/S: Windows 10 / amd64 / 10.0
[2017-04-15 17:56:20][cn.sendsms.modem.ModemGateway-testGateway]GTW: modem.COM1: Starting gateway 
[2017-04-15 17:56:20][cn.sendsms.modem.SerialModemDriver-connectPort]GTW: modem.COM1: Using polled serial port mode.
[2017-04-15 17:56:20][cn.sendsms.modem.SerialModemDriver-connectPort]GTW: modem.COM1: Opening: COM1 @9600
[2017-04-15 17:56:30][com.car.helper.DBHelper-getCarInfoByName]select c_id, t.c_annual_cycle,t.c_Inspection_expirationTime,t.c_name,t.c_phone,t.c_car_id from t_info t where c_name like '%?%'
[2017-04-15 17:58:12][com.car.main.Main-start]GUI OK
[2017-04-15 17:58:12][com.car.service.SmsThread-run]Q.take sendRecordId = 6ab12a15-472e-4a82-ac80-a6b73b7c4f0f messageBody=null
[2017-04-15 17:58:12][cn.sendsms.Service-listSystemInformation]SendSMS: A Java API library for sending and receiving SMS via a GSM modem or other supported gateways.
This software is distributed under the terms of the Apache v2.0 License.
Web Site: http://sendsms.cn
[2017-04-15 17:58:12][cn.sendsms.Service-listSystemInformation]Version: 3.4.8
[2017-04-15 17:58:12][cn.sendsms.Service-listSystemInformation]JRE Version: 1.8.0_121
[2017-04-15 17:58:12][cn.sendsms.Service-listSystemInformation]JRE Impl Version: 25.121-b13
[2017-04-15 17:58:12][cn.sendsms.Service-listSystemInformation]O/S: Windows 10 / amd64 / 10.0
[2017-04-15 17:58:12][cn.sendsms.modem.ModemGateway-testGateway]GTW: modem.COM1: Starting gateway 
[2017-04-15 17:58:12][cn.sendsms.modem.SerialModemDriver-connectPort]GTW: modem.COM1: Using polled serial port mode.
[2017-04-15 17:58:12][cn.sendsms.modem.SerialModemDriver-connectPort]GTW: modem.COM1: Opening: COM1 @9600
[2017-04-15 17:58:17][com.car.helper.DBHelper-getCarInfoByName]select c_id, t.c_annual_cycle,t.c_Inspection_expirationTime,t.c_name,t.c_phone,t.c_car_id from t_info t where c_name like '%‰∫éÂΩ¨%'
[2017-04-15 17:58:23][com.car.helper.DBHelper-getCarInfoByName]select c_id, t.c_annual_cycle,t.c_Inspection_expirationTime,t.c_name,t.c_phone,t.c_car_id from t_info t where c_name like '%‰∫éÂΩ¨%'
[2017-04-15 17:58:24][com.car.helper.DBHelper-getCarInfoByName]select c_id, t.c_annual_cycle,t.c_Inspection_expirationTime,t.c_name,t.c_phone,t.c_car_id from t_info t where c_name like '%‰∫éÂΩ¨%'
[2017-04-15 17:58:24][com.car.helper.DBHelper-getCarInfoByName]select c_id, t.c_annual_cycle,t.c_Inspection_expirationTime,t.c_name,t.c_phone,t.c_car_id from t_info t where c_name like '%‰∫éÂΩ¨%'
[2017-04-15 17:58:44][com.car.main.Main-start]GUI OK
[2017-04-15 17:58:44][com.car.service.SmsThread-run]Q.take sendRecordId = 6ab12a15-472e-4a82-ac80-a6b73b7c4f0f messageBody=null
[2017-04-15 17:58:44][cn.sendsms.Service-listSystemInformation]SendSMS: A Java API library for sending and receiving SMS via a GSM modem or other supported gateways.
This software is distributed under the terms of the Apache v2.0 License.
Web Site: http://sendsms.cn
[2017-04-15 17:58:44][cn.sendsms.Service-listSystemInformation]Version: 3.4.8
[2017-04-15 17:58:44][cn.sendsms.Service-listSystemInformation]JRE Version: 1.8.0_121
[2017-04-15 17:58:44][cn.sendsms.Service-listSystemInformation]JRE Impl Version: 25.121-b13
[2017-04-15 17:58:44][cn.sendsms.Service-listSystemInformation]O/S: Windows 10 / amd64 / 10.0
[2017-04-15 17:58:44][cn.sendsms.modem.ModemGateway-testGateway]GTW: modem.COM1: Starting gateway 
[2017-04-15 17:58:44][cn.sendsms.modem.SerialModemDriver-connectPort]GTW: modem.COM1: Using polled serial port mode.
[2017-04-15 17:58:44][cn.sendsms.modem.SerialModemDriver-connectPort]GTW: modem.COM1: Opening: COM1 @9600
[2017-04-15 17:59:06][com.car.helper.DBHelper-getCarInfoByName]select c_id, t.c_annual_cycle,t.c_Inspection_expirationTime,t.c_name,t.c_phone,t.c_car_id from t_info t where c_name like '%‰∫é%'
[2017-04-15 18:01:26][com.car.main.Main-start]GUI OK
[2017-04-15 18:01:26][com.car.service.SmsThread-run]Q.take sendRecordId = 6ab12a15-472e-4a82-ac80-a6b73b7c4f0f messageBody=null
[2017-04-15 18:01:26][cn.sendsms.Service-listSystemInformation]SendSMS: A Java API library for sending and receiving SMS via a GSM modem or other supported gateways.
This software is distributed under the terms of the Apache v2.0 License.
Web Site: http://sendsms.cn
[2017-04-15 18:01:26][cn.sendsms.Service-listSystemInformation]Version: 3.4.8
[2017-04-15 18:01:26][cn.sendsms.Service-listSystemInformation]JRE Version: 1.8.0_121
[2017-04-15 18:01:26][cn.sendsms.Service-listSystemInformation]JRE Impl Version: 25.121-b13
[2017-04-15 18:01:26][cn.sendsms.Service-listSystemInformation]O/S: Windows 10 / amd64 / 10.0
[2017-04-15 18:01:26][cn.sendsms.modem.ModemGateway-testGateway]GTW: modem.COM1: Starting gateway 
[2017-04-15 18:01:26][cn.sendsms.modem.SerialModemDriver-connectPort]GTW: modem.COM1: Using polled serial port mode.
[2017-04-15 18:01:26][cn.sendsms.modem.SerialModemDriver-connectPort]GTW: modem.COM1: Opening: COM1 @9600
[2017-04-15 18:01:57][com.car.helper.DBHelper-getCarInfoByName]select c_id, t.c_annual_cycle,t.c_Inspection_expirationTime,t.c_name,t.c_phone,t.c_car_id from t_info t where c_name like '%‰∫é%'
[2017-04-15 18:04:03][com.car.main.Main-start]GUI OK
[2017-04-15 18:04:03][com.car.service.SmsThread-run]Q.take sendRecordId = 6ab12a15-472e-4a82-ac80-a6b73b7c4f0f messageBody=null
[2017-04-15 18:04:03][cn.sendsms.Service-listSystemInformation]SendSMS: A Java API library for sending and receiving SMS via a GSM modem or other supported gateways.
This software is distributed under the terms of the Apache v2.0 License.
Web Site: http://sendsms.cn
[2017-04-15 18:04:03][cn.sendsms.Service-listSystemInformation]Version: 3.4.8
[2017-04-15 18:04:03][cn.sendsms.Service-listSystemInformation]JRE Version: 1.8.0_121
[2017-04-15 18:04:03][cn.sendsms.Service-listSystemInformation]JRE Impl Version: 25.121-b13
[2017-04-15 18:04:03][cn.sendsms.Service-listSystemInformation]O/S: Windows 10 / amd64 / 10.0
[2017-04-15 18:04:03][cn.sendsms.modem.ModemGateway-testGateway]GTW: modem.COM1: Starting gateway 
[2017-04-15 18:04:03][cn.sendsms.modem.SerialModemDriver-connectPort]GTW: modem.COM1: Using polled serial port mode.
[2017-04-15 18:04:03][cn.sendsms.modem.SerialModemDriver-connectPort]GTW: modem.COM1: Opening: COM1 @9600
[2017-04-15 18:04:22][com.car.helper.DBHelper-getCarInfoByName]select c_id, t.c_annual_cycle,t.c_Inspection_expirationTime,t.c_name,t.c_phone,t.c_car_id from t_info t where c_name like '%‰∫é%'
[2017-04-15 18:04:58][com.car.main.Main-start]GUI OK
[2017-04-15 18:04:58][com.car.service.SmsThread-run]Q.take sendRecordId = 6ab12a15-472e-4a82-ac80-a6b73b7c4f0f messageBody=null
[2017-04-15 18:04:58][cn.sendsms.Service-listSystemInformation]SendSMS: A Java API library for sending and receiving SMS via a GSM modem or other supported gateways.
This software is distributed under the terms of the Apache v2.0 License.
Web Site: http://sendsms.cn
[2017-04-15 18:04:58][cn.sendsms.Service-listSystemInformation]Version: 3.4.8
[2017-04-15 18:04:58][cn.sendsms.Service-listSystemInformation]JRE Version: 1.8.0_121
[2017-04-15 18:04:58][cn.sendsms.Service-listSystemInformation]JRE Impl Version: 25.121-b13
[2017-04-15 18:04:58][cn.sendsms.Service-listSystemInformation]O/S: Windows 10 / amd64 / 10.0
[2017-04-15 18:04:58][cn.sendsms.modem.ModemGateway-testGateway]GTW: modem.COM1: Starting gateway 
[2017-04-15 18:04:58][cn.sendsms.modem.SerialModemDriver-connectPort]GTW: modem.COM1: Using polled serial port mode.
[2017-04-15 18:04:58][cn.sendsms.modem.SerialModemDriver-connectPort]GTW: modem.COM1: Opening: COM1 @9600
[2017-04-15 18:05:02][com.car.helper.DBHelper-getCarInfoByName]select c_id, t.c_annual_cycle,t.c_Inspection_expirationTime,t.c_name,t.c_phone,t.c_car_id from t_info t where c_name like '%‰∫é%'
[2017-04-15 18:05:04][com.car.helper.DBHelper-getCarInfoByName]select c_id, t.c_annual_cycle,t.c_Inspection_expirationTime,t.c_name,t.c_phone,t.c_car_id from t_info t where c_name like '%‰∫é%'
[2017-04-15 18:05:27][com.car.main.Main-start]GUI OK
[2017-04-15 18:05:27][com.car.service.SmsThread-run]Q.take sendRecordId = 6ab12a15-472e-4a82-ac80-a6b73b7c4f0f messageBody=null
[2017-04-15 18:05:27][cn.sendsms.Service-listSystemInformation]SendSMS: A Java API library for sending and receiving SMS via a GSM modem or other supported gateways.
This software is distributed under the terms of the Apache v2.0 License.
Web Site: http://sendsms.cn
[2017-04-15 18:05:27][cn.sendsms.Service-listSystemInformation]Version: 3.4.8
[2017-04-15 18:05:27][cn.sendsms.Service-listSystemInformation]JRE Version: 1.8.0_121
[2017-04-15 18:05:27][cn.sendsms.Service-listSystemInformation]JRE Impl Version: 25.121-b13
[2017-04-15 18:05:27][cn.sendsms.Service-listSystemInformation]O/S: Windows 10 / amd64 / 10.0
[2017-04-15 18:05:27][cn.sendsms.modem.ModemGateway-testGateway]GTW: modem.COM1: Starting gateway 
[2017-04-15 18:05:27][cn.sendsms.modem.SerialModemDriver-connectPort]GTW: modem.COM1: Using polled serial port mode.
[2017-04-15 18:05:27][cn.sendsms.modem.SerialModemDriver-connectPort]GTW: modem.COM1: Opening: COM1 @9600
[2017-04-15 18:05:40][com.car.helper.DBHelper-getCarInfoByName]select c_id, t.c_annual_cycle,t.c_Inspection_expirationTime,t.c_name,t.c_phone,t.c_car_id from t_info t where c_name like '%‰∫é%'
[2017-04-15 18:06:36][com.car.main.Main-start]GUI OK
[2017-04-15 18:06:36][com.car.service.SmsThread-run]Q.take sendRecordId = 6ab12a15-472e-4a82-ac80-a6b73b7c4f0f messageBody=null
[2017-04-15 18:06:37][cn.sendsms.Service-listSystemInformation]SendSMS: A Java API library for sending and receiving SMS via a GSM modem or other supported gateways.
This software is distributed under the terms of the Apache v2.0 License.
Web Site: http://sendsms.cn
[2017-04-15 18:06:37][cn.sendsms.Service-listSystemInformation]Version: 3.4.8
[2017-04-15 18:06:37][cn.sendsms.Service-listSystemInformation]JRE Version: 1.8.0_121
[2017-04-15 18:06:37][cn.sendsms.Service-listSystemInformation]JRE Impl Version: 25.121-b13
[2017-04-15 18:06:37][cn.sendsms.Service-listSystemInformation]O/S: Windows 10 / amd64 / 10.0
[2017-04-15 18:06:37][cn.sendsms.modem.ModemGateway-testGateway]GTW: modem.COM1: Starting gateway 
[2017-04-15 18:06:37][cn.sendsms.modem.SerialModemDriver-connectPort]GTW: modem.COM1: Using polled serial port mode.
[2017-04-15 18:06:37][cn.sendsms.modem.SerialModemDriver-connectPort]GTW: modem.COM1: Opening: COM1 @9600
[2017-04-15 18:06:40][com.car.helper.DBHelper-getCarInfoByName]select c_id, t.c_annual_cycle,t.c_Inspection_expirationTime,t.c_name,t.c_phone,t.c_car_id from t_info t where c_name like '%‰∫é%'
[2017-04-15 18:06:45][com.car.helper.DBHelper-getCarInfoByName]select c_id, t.c_annual_cycle,t.c_Inspection_expirationTime,t.c_name,t.c_phone,t.c_car_id from t_info t where c_name like '%Ë¥∫%'
[2017-04-16 09:30:18][com.car.main.Main-start]GUI OK
[2017-04-16 09:30:18][com.car.service.SmsThread-run]Q.take sendRecordId = 6ab12a15-472e-4a82-ac80-a6b73b7c4f0f messageBody=null
[2017-04-16 09:30:18][cn.sendsms.Service-listSystemInformation]SendSMS: A Java API library for sending and receiving SMS via a GSM modem or other supported gateways.
This software is distributed under the terms of the Apache v2.0 License.
Web Site: http://sendsms.cn
[2017-04-16 09:30:18][cn.sendsms.Service-listSystemInformation]Version: 3.4.8
[2017-04-16 09:30:18][cn.sendsms.Service-listSystemInformation]JRE Version: 1.8.0_121
[2017-04-16 09:30:18][cn.sendsms.Service-listSystemInformation]JRE Impl Version: 25.121-b13
[2017-04-16 09:30:18][cn.sendsms.Service-listSystemInformation]O/S: Windows 10 / amd64 / 10.0
[2017-04-16 09:30:18][cn.sendsms.modem.ModemGateway-testGateway]GTW: modem.COM1: Starting gateway 
[2017-04-16 09:30:18][cn.sendsms.modem.SerialModemDriver-connectPort]GTW: modem.COM1: Using polled serial port mode.
[2017-04-16 09:30:18][cn.sendsms.modem.SerialModemDriver-connectPort]GTW: modem.COM1: Opening: COM1 @9600
[2017-04-16 09:30:27][com.car.helper.DBHelper-getCarInfoByName]select c_id, t.c_annual_cycle,t.c_Inspection_expirationTime,t.c_name,t.c_phone,t.c_car_id from t_info t where c_name like '%Ë¥∫Èπè%'
[2017-04-16 09:30:35][com.car.helper.DBHelper-getCarInfoByName]select c_id, t.c_annual_cycle,t.c_Inspection_expirationTime,t.c_name,t.c_phone,t.c_car_id from t_info t where c_name like '%‰∫éÂΩ¨%'
[2017-04-16 09:31:08][com.car.helper.DBHelper-getCarInfoByName]select c_id, t.c_annual_cycle,t.c_Inspection_expirationTime,t.c_name,t.c_phone,t.c_car_id from t_info t where c_name like '%y%'
[2017-04-16 09:31:09][com.car.helper.DBHelper-getCarInfoByName]select c_id, t.c_annual_cycle,t.c_Inspection_expirationTime,t.c_name,t.c_phone,t.c_car_id from t_info t where c_name like '%y%'
[2017-04-16 09:32:42][com.car.main.Main-start]GUI OK
[2017-04-16 09:32:42][com.car.service.SmsThread-run]Q.take sendRecordId = 6ab12a15-472e-4a82-ac80-a6b73b7c4f0f messageBody=null
[2017-04-16 09:32:42][cn.sendsms.Service-listSystemInformation]SendSMS: A Java API library for sending and receiving SMS via a GSM modem or other supported gateways.
This software is distributed under the terms of the Apache v2.0 License.
Web Site: http://sendsms.cn
[2017-04-16 09:32:42][cn.sendsms.Service-listSystemInformation]Version: 3.4.8
[2017-04-16 09:32:42][cn.sendsms.Service-listSystemInformation]JRE Version: 1.8.0_121
[2017-04-16 09:32:42][cn.sendsms.Service-listSystemInformation]JRE Impl Version: 25.121-b13
[2017-04-16 09:32:42][cn.sendsms.Service-listSystemInformation]O/S: Windows 10 / amd64 / 10.0
[2017-04-16 09:32:42][cn.sendsms.modem.ModemGateway-testGateway]GTW: modem.COM1: Starting gateway 
[2017-04-16 09:32:42][cn.sendsms.modem.SerialModemDriver-connectPort]GTW: modem.COM1: Using polled serial port mode.
[2017-04-16 09:32:42][cn.sendsms.modem.SerialModemDriver-connectPort]GTW: modem.COM1: Opening: COM1 @9600
[2017-04-16 09:32:46][com.car.helper.DBHelper-getCarInfoByName]select c_id, t.c_annual_cycle,t.c_Inspection_expirationTime,t.c_name,t.c_phone,t.c_car_id from t_info t where c_name like '%y%'
[2017-04-16 09:35:37][com.car.main.Main-start]GUI OK
[2017-04-16 09:35:37][com.car.service.SmsThread-run]Q.take sendRecordId = 6ab12a15-472e-4a82-ac80-a6b73b7c4f0f messageBody=null
[2017-04-16 09:35:37][cn.sendsms.Service-listSystemInformation]SendSMS: A Java API library for sending and receiving SMS via a GSM modem or other supported gateways.
This software is distributed under the terms of the Apache v2.0 License.
Web Site: http://sendsms.cn
[2017-04-16 09:35:37][cn.sendsms.Service-listSystemInformation]Version: 3.4.8
[2017-04-16 09:35:37][cn.sendsms.Service-listSystemInformation]JRE Version: 1.8.0_121
[2017-04-16 09:35:37][cn.sendsms.Service-listSystemInformation]JRE Impl Version: 25.121-b13
[2017-04-16 09:35:37][cn.sendsms.Service-listSystemInformation]O/S: Windows 10 / amd64 / 10.0
[2017-04-16 09:35:37][cn.sendsms.modem.ModemGateway-testGateway]GTW: modem.COM1: Starting gateway 
[2017-04-16 09:35:37][cn.sendsms.modem.SerialModemDriver-connectPort]GTW: modem.COM1: Using polled serial port mode.
[2017-04-16 09:35:37][cn.sendsms.modem.SerialModemDriver-connectPort]GTW: modem.COM1: Opening: COM1 @9600
[2017-04-16 09:35:44][com.car.helper.DBHelper-getCarInfoByName]select c_id, t.c_annual_cycle,t.c_Inspection_expirationTime,t.c_name,t.c_phone,t.c_car_id from t_info t where c_name like '%n%'
[2017-04-16 09:36:02][com.car.helper.DBHelper-getCarInfoByName]select c_id, t.c_annual_cycle,t.c_Inspection_expirationTime,t.c_name,t.c_phone,t.c_car_id from t_info t where c_name like '%u%'
[2017-04-16 09:36:24][com.car.helper.DBHelper-getCarInfoByName]select c_id, t.c_annual_cycle,t.c_Inspection_expirationTime,t.c_name,t.c_phone,t.c_car_id from t_info t where c_name like '%y%'
[2017-04-16 09:36:58][com.car.main.Main-start]GUI OK
[2017-04-16 09:36:58][com.car.service.SmsThread-run]Q.take sendRecordId = 6ab12a15-472e-4a82-ac80-a6b73b7c4f0f messageBody=null
[2017-04-16 09:36:58][cn.sendsms.Service-listSystemInformation]SendSMS: A Java API library for sending and receiving SMS via a GSM modem or other supported gateways.
This software is distributed under the terms of the Apache v2.0 License.
Web Site: http://sendsms.cn
[2017-04-16 09:36:58][cn.sendsms.Service-listSystemInformation]Version: 3.4.8
[2017-04-16 09:36:58][cn.sendsms.Service-listSystemInformation]JRE Version: 1.8.0_121
[2017-04-16 09:36:58][cn.sendsms.Service-listSystemInformation]JRE Impl Version: 25.121-b13
[2017-04-16 09:36:58][cn.sendsms.Service-listSystemInformation]O/S: Windows 10 / amd64 / 10.0
[2017-04-16 09:36:59][cn.sendsms.modem.ModemGateway-testGateway]GTW: modem.COM1: Starting gateway 
[2017-04-16 09:36:59][cn.sendsms.modem.SerialModemDriver-connectPort]GTW: modem.COM1: Using polled serial port mode.
[2017-04-16 09:36:59][cn.sendsms.modem.SerialModemDriver-connectPort]GTW: modem.COM1: Opening: COM1 @9600
[2017-04-16 09:38:19][com.car.helper.DBHelper-getCarInfoByName]select c_id, t.c_annual_cycle,t.c_Inspection_expirationTime,t.c_name,t.c_phone,t.c_car_id from t_info t where c_name like '%00%'
[2017-04-16 10:08:11][com.car.view.CarInfoOverVierController-handleDeleteCar]del is ok,id 15712f74-e5f5-4a88-b6bc-56849df44bdd
[2017-04-16 10:08:13][com.car.view.CarInfoOverVierController-handleDeleteCar]del is ok,id 779af5cd-ba33-4716-92d7-c57ed98f2a51
[2017-04-16 10:08:15][com.car.view.CarInfoOverVierController-handleDeleteCar]del is ok,id 6344b54d-46c1-4acb-a0b9-d3c3d653b717
[2017-04-16 10:08:16][com.car.view.CarInfoOverVierController-handleDeleteCar]del is ok,id 85087219-6ae8-4ef0-8039-623defcc30cf
[2017-04-16 10:08:18][com.car.view.CarInfoOverVierController-handleDeleteCar]del is ok,id d74f7b98-ffc7-438b-92b6-93437e4e3a28
[2017-04-16 10:14:24][com.car.main.Main-start]GUI OK
[2017-04-16 10:14:24][com.car.service.SmsThread-run]Q.take sendRecordId = 6ab12a15-472e-4a82-ac80-a6b73b7c4f0f messageBody=null
[2017-04-16 10:14:24][cn.sendsms.Service-listSystemInformation]SendSMS: A Java API library for sending and receiving SMS via a GSM modem or other supported gateways.
This software is distributed under the terms of the Apache v2.0 License.
Web Site: http://sendsms.cn
[2017-04-16 10:14:24][cn.sendsms.Service-listSystemInformation]Version: 3.4.8
[2017-04-16 10:14:24][cn.sendsms.Service-listSystemInformation]JRE Version: 1.8.0_121
[2017-04-16 10:14:24][cn.sendsms.Service-listSystemInformation]JRE Impl Version: 25.121-b13
[2017-04-16 10:14:24][cn.sendsms.Service-listSystemInformation]O/S: Windows 10 / amd64 / 10.0
[2017-04-16 10:14:24][cn.sendsms.modem.ModemGateway-testGateway]GTW: modem.COM1: Starting gateway 
[2017-04-16 10:14:24][cn.sendsms.modem.SerialModemDriver-connectPort]GTW: modem.COM1: Using polled serial port mode.
[2017-04-16 10:14:24][cn.sendsms.modem.SerialModemDriver-connectPort]GTW: modem.COM1: Opening: COM1 @9600
[2017-04-16 10:21:08][com.car.main.Main-start]GUI OK
[2017-04-16 10:21:08][com.car.service.SmsThread-run]Q.take sendRecordId = 6ab12a15-472e-4a82-ac80-a6b73b7c4f0f messageBody=null
[2017-04-16 10:21:08][cn.sendsms.Service-listSystemInformation]SendSMS: A Java API library for sending and receiving SMS via a GSM modem or other supported gateways.
This software is distributed under the terms of the Apache v2.0 License.
Web Site: http://sendsms.cn
[2017-04-16 10:21:08][cn.sendsms.Service-listSystemInformation]Version: 3.4.8
[2017-04-16 10:21:08][cn.sendsms.Service-listSystemInformation]JRE Version: 1.8.0_121
[2017-04-16 10:21:08][cn.sendsms.Service-listSystemInformation]JRE Impl Version: 25.121-b13
[2017-04-16 10:21:08][cn.sendsms.Service-listSystemInformation]O/S: Windows 10 / amd64 / 10.0
[2017-04-16 10:21:08][cn.sendsms.modem.ModemGateway-testGateway]GTW: modem.COM1: Starting gateway 
[2017-04-16 10:21:08][cn.sendsms.modem.SerialModemDriver-connectPort]GTW: modem.COM1: Using polled serial port mode.
[2017-04-16 10:21:08][cn.sendsms.modem.SerialModemDriver-connectPort]GTW: modem.COM1: Opening: COM1 @9600
[2017-04-16 10:21:17][com.car.helper.DBHelper-getCarInfoByName]select c_id, t.c_annual_cycle,t.c_Inspection_expirationTime,t.c_name,t.c_phone,t.c_car_id from t_info t where c_name like '%‰∫é%'
